<?xml version="1.0" encoding="UTF-8"?>
<coverage generated="1615075542802" clover="3.2.0">
  <project timestamp="1615075542802" name="All files">
    <metrics statements="13" coveredstatements="0" conditionals="3" coveredconditionals="0" methods="3" coveredmethods="0" elements="19" coveredelements="0" complexity="0" loc="13" ncloc="13" packages="1" files="1" classes="1"/>
    <file name="linked-list.js" path="/home/klace/codefellows/data-structures-and-algorithms-/javascript/code-challenges/Data-Structures/linked-list/linked-list.js">
      <metrics statements="13" coveredstatements="0" conditionals="3" coveredconditionals="0" methods="3" coveredmethods="0"/>
      <line num="3" count="0" type="stmt"/>
      <line num="4" count="0" type="stmt"/>
      <line num="10" count="0" type="stmt"/>
      <line num="11" count="0" type="stmt"/>
      <line num="12" count="0" type="stmt"/>
      <line num="15" count="0" type="stmt"/>
      <line num="16" count="0" type="cond" truecount="0" falsecount="2"/>
      <line num="17" count="0" type="stmt"/>
      <line num="19" count="0" type="stmt"/>
      <line num="21" count="0" type="stmt"/>
      <line num="22" count="0" type="stmt"/>
      <line num="24" count="0" type="stmt"/>
      <line num="26" count="0" type="stmt"/>
    </file>
  </project>
</coverage>
