{"/home/klace/codefellows/data-structures-and-algorithms-/javascript/code-challenges/Data-Structures/linked-list/linked-list.js": {"path":"/home/klace/codefellows/data-structures-and-algorithms-/javascript/code-challenges/Data-Structures/linked-list/linked-list.js","statementMap":{"0":{"start":{"line":3,"column":8},"end":{"line":3,"column":27}},"1":{"start":{"line":4,"column":8},"end":{"line":4,"column":25}},"2":{"start":{"line":10,"column":8},"end":{"line":10,"column":25}},"3":{"start":{"line":11,"column":8},"end":{"line":11,"column":24}},"4":{"start":{"line":12,"column":8},"end":{"line":12,"column":24}},"5":{"start":{"line":15,"column":21},"end":{"line":15,"column":33}},"6":{"start":{"line":16,"column":12},"end":{"line":25,"column":13}},"7":{"start":{"line":17,"column":16},"end":{"line":17,"column":33}},"8":{"start":{"line":19,"column":24},"end":{"line":19,"column":33}},"9":{"start":{"line":21,"column":16},"end":{"line":23,"column":17}},"10":{"start":{"line":22,"column":20},"end":{"line":22,"column":31}},"11":{"start":{"line":24,"column":16},"end":{"line":24,"column":30}},"12":{"start":{"line":26,"column":12},"end":{"line":26,"column":24}}},"fnMap":{"0":{"name":"(anonymous_0)","decl":{"start":{"line":2,"column":4},"end":{"line":2,"column":5}},"loc":{"start":{"line":2,"column":22},"end":{"line":5,"column":5}},"line":2},"1":{"name":"(anonymous_1)","decl":{"start":{"line":9,"column":4},"end":{"line":9,"column":5}},"loc":{"start":{"line":9,"column":28},"end":{"line":13,"column":5}},"line":9},"2":{"name":"(anonymous_2)","decl":{"start":{"line":14,"column":4},"end":{"line":14,"column":5}},"loc":{"start":{"line":14,"column":13},"end":{"line":27,"column":5}},"line":14}},"branchMap":{"0":{"loc":{"start":{"line":9,"column":16},"end":{"line":9,"column":27}},"type":"default-arg","locations":[{"start":{"line":9,"column":23},"end":{"line":9,"column":27}}],"line":9},"1":{"loc":{"start":{"line":16,"column":12},"end":{"line":25,"column":13}},"type":"if","locations":[{"start":{"line":16,"column":12},"end":{"line":25,"column":13}},{"start":{"line":16,"column":12},"end":{"line":25,"column":13}}],"line":16}},"s":{"0":0,"1":0,"2":0,"3":0,"4":0,"5":0,"6":0,"7":0,"8":0,"9":0,"10":0,"11":0,"12":0},"f":{"0":0,"1":0,"2":0},"b":{"0":[0],"1":[0,0]},"_coverageSchema":"1a1c01bbd47fc00a2c39e90264f33305004495a9","hash":"2a6bb51baf4b935118989f36344463e76d95925f"}
}
